Start at Saturday, March 20, 2010    17:10:24
=========================================

Registration Info : 

Windows Version:
Professional Service Pack 1 (Build 6001)

Module Info:
Company: fCoder Group, Inc.
Product Name: ImageConverter Plus
Product Version: 7.1.9.71102

CPU Info:
Vendor: GenuineIntel
Vendor ID: Intel Corporation
Extended Processor Name: Unknown P6 family
Procesor Clock Frequecy: 2199
Logical processors per physical: 2
Stepping code: 13
MMX support: yes
MMX+ support: no
SSE support: yes
SSE2 support: yes
3DNow suppor: no
3DNow+ suppor: no
AI64 support: no
Hyperthreading support: no
L1 cache size: -1
L2 cache size: -1
L3 cache size: -1

Monitor info:
Color depth: 32 Bits per pixel.
Pixel Width: 1680
Pixel Height: 1050
Refresh frequency: 60 Hz

Internet Explorer Version: 6.0
Build Number: 6001

Printers list: 

Default printer: 
Nitro PDF Driver 5


Script settings:

Operations:

Format properties:
    Extension: png
    bits per pixel : 32
    compression level : 5
    quantization levels : 8
    dithering : yes

Save properties:
    Destination path: {Source path}
    convert with subfolders : yes
    restore subfolder structure in target folder : yes
    open target folder after conversion : yes
    create log file in target folder : yes

Target file name properties:
    Name template: {Title}.{Type}
    what to do, if file exists : auto_rename
    delete source images : no

Processing files...

=====================================================================

File 1 of 1

RAM free    :    1601.4 of    2048.0 Mb
Virtual free:    1949.7 of    2047.9 Mb
Target free disk space :     845.6 of   42617.7 Mb
Temp free disk space   :   21573.5 of   39997.7 Mb

Src info : G:\WORK\AdScrapper 4.0\Images\filter - Copy.ico
ico, 16x16px, 32bpp, 1 page(s), 1150 bytes

exists : rename :  ok
Load all pages :  ok

Save :  ok

Dest info : G:\WORK\AdScrapper 4.0\Images\filter - Copy (1).png
png, 16x16px, 32bpp, 1 page(s), 95.986595x95.986595 dpi, 673 bytes

Complete at Saturday, March 20, 2010    17:10:25
=========================================
